<?xml version="1.0" encoding="UTF-8" ?>
<testsuite tests="5" failures="0" name="utils.FunctionTest" time="0.611" errors="0" skipped="0">
  <properties>
[...]
</properties>
  <testcase classname="utils.FunctionTest" name="testFind" time="0.322"/>
  <testcase classname="utils.FunctionTest" name="testGetPourcentage" time="0"/>
  <testcase classname="utils.FunctionTest" name="testUpdateToTable" time="0.047"/>
  <testcase classname="utils.FunctionTest" name="testInsertToTable" time="0.108"/>
  <testcase classname="utils.FunctionTest" name="testGetRVB" time="0"/>
</testsuite>